<?xml version="1.0" encoding="UTF-8"?>
<testsuite xmlns:xsi="http://www.w3.org/2001/XMLSchema-instance" xsi:noNamespaceSchemaLocation="https://maven.apache.org/surefire/maven-surefire-plugin/xsd/surefire-test-report.xsd" version="3.0.2" name="com.example.demo.DemoApplicationTests" time="6.06" tests="1" errors="0" skipped="0" failures="0" flakes="0">
  <properties>
[...]
</properties>
  <testcase name="contextLoads" classname="com.example.demo.DemoApplicationTests" time="0.368">
    <system-out><![CDATA[15:08:31.712 [main] INFO org.springframework.test.context.support.AnnotationConfigContextLoaderUtils -- Could not detect default configuration classes for test class [com.example.demo.DemoApplicationTests]: DemoApplicationTests does not declare any static, non-private, non-final, nested classes annotated with @Configuration.
15:08:31.828 [main] INFO org.springframework.boot.test.context.SpringBootTestContextBootstrapper -- Found @SpringBootConfiguration com.example.demo.MetricEngineApplication for test class com.example.demo.DemoApplicationTests
15:08:31.923 [main] INFO org.springframework.test.context.support.AnnotationConfigContextLoaderUtils -- Could not detect default configuration classes for test class [com.example.demo.DemoApplicationTests]: DemoApplicationTests does not declare any static, non-private, non-final, nested classes annotated with @Configuration.
15:08:31.924 [main] INFO org.springframework.boot.test.context.SpringBootTestContextBootstrapper -- Found @SpringBootConfiguration com.example.demo.MetricEngineApplication for test class com.example.demo.DemoApplicationTests

  .   ____          _            __ _ _
 /\\ / ___'_ __ _ _(_)_ __  __ _ \ \ \ \
( ( )\___ | '_ | '_| | '_ \/ _` | \ \ \ \
 \\/  ___)| |_)| | | | | || (_| |  ) ) ) )
  '  |____| .__|_| |_|_| |_\__, | / / / /
 =========|_|==============|___/=/_/_/_/

 :: Spring Boot ::                (v4.0.6)

2026-07-15T15:08:32.372+05:30  INFO 21320 --- [metric-engine] [           main] com.example.demo.DemoApplicationTests    : Starting DemoApplicationTests using Java 22 with PID 21320 (started by yashs in E:\Spring Boot\demo)
2026-07-15T15:08:32.373+05:30  INFO 21320 --- [metric-engine] [           main] com.example.demo.DemoApplicationTests    : No active profile set, falling back to 1 default profile: "default"
2026-07-15T15:08:33.154+05:30  INFO 21320 --- [metric-engine] [           main] .s.d.r.c.RepositoryConfigurationDelegate : Bootstrapping Spring Data JPA repositories in DEFAULT mode.
2026-07-15T15:08:33.220+05:30  INFO 21320 --- [metric-engine] [           main] .s.d.r.c.RepositoryConfigurationDelegate : Finished Spring Data repository scanning in 55 ms. Found 2 JPA repository interfaces.
2026-07-15T15:08:33.610+05:30  INFO 21320 --- [metric-engine] [           main] com.zaxxer.hikari.HikariDataSource       : HikariPool-1 - Starting...
2026-07-15T15:08:33.860+05:30  INFO 21320 --- [metric-engine] [           main] com.zaxxer.hikari.pool.HikariPool        : HikariPool-1 - Added connection org.postgresql.jdbc.PgConnection@7345f97d
2026-07-15T15:08:33.860+05:30  INFO 21320 --- [metric-engine] [           main] com.zaxxer.hikari.HikariDataSource       : HikariPool-1 - Start completed.
2026-07-15T15:08:33.992+05:30  INFO 21320 --- [metric-engine] [           main] org.hibernate.orm.jpa                    : HHH008540: Processing PersistenceUnitInfo [name: default]
2026-07-15T15:08:34.105+05:30  INFO 21320 --- [metric-engine] [           main] org.hibernate.orm.core                   : HHH000001: Hibernate ORM core version 7.2.12.Final
2026-07-15T15:08:34.783+05:30  INFO 21320 --- [metric-engine] [           main] o.s.o.j.p.SpringPersistenceUnitInfo      : No LoadTimeWeaver setup: ignoring JPA class transformer
2026-07-15T15:08:34.901+05:30  INFO 21320 --- [metric-engine] [           main] org.hibernate.orm.connections.pooling    : HHH10001005: Database info:
	Database JDBC URL [jdbc:postgresql://localhost:5432/metric_engine_db]
	Database driver: PostgreSQL JDBC Driver
	Database dialect: PostgreSQLDialect
	Database version: 18.4
	Default catalog/schema: metric_engine_db/public
	Autocommit mode: undefined/unknown
	Isolation level: READ_COMMITTED [default READ_COMMITTED]
	JDBC fetch size: none
	Pool: DataSourceConnectionProvider
	Minimum pool size: undefined/unknown
	Maximum pool size: undefined/unknown
2026-07-15T15:08:35.825+05:30  INFO 21320 --- [metric-engine] [           main] org.hibernate.orm.core                   : HHH000489: No JTA platform available (set 'hibernate.transaction.jta.platform' to enable JTA platform integration)
2026-07-15T15:08:35.920+05:30  INFO 21320 --- [metric-engine] [           main] j.LocalContainerEntityManagerFactoryBean : Initialized JPA EntityManagerFactory for persistence unit 'default'
2026-07-15T15:08:36.087+05:30  INFO 21320 --- [metric-engine] [           main] o.s.b.c.step.item.ChunkOrientedTasklet   : DEPRECATION NOTE: The legacy implementation of the chunk-oriented processing model is deprecated as of Spring Batch 6.0 and will be removed in version 7.0.
2026-07-15T15:08:36.184+05:30  INFO 21320 --- [metric-engine] [           main] o.s.d.j.r.query.QueryEnhancerFactories   : Hibernate is in classpath; If applicable, HQL parser will be used.
2026-07-15T15:08:36.502+05:30  WARN 21320 --- [metric-engine] [           main] JpaBaseConfiguration$JpaWebConfiguration : spring.jpa.open-in-view is enabled by default. Therefore, database queries may be performed during view rendering. Explicitly configure spring.jpa.open-in-view to disable this warning
2026-07-15T15:08:36.995+05:30  INFO 21320 --- [metric-engine] [           main] com.example.demo.DemoApplicationTests    : Started DemoApplicationTests in 4.998 seconds (process running for 6.254)
2026-07-15T15:08:37.000+05:30  INFO 21320 --- [metric-engine] [           main] o.s.b.b.a.JobLauncherApplicationRunner   : Running default command line with: []
2026-07-15T15:08:37.013+05:30  INFO 21320 --- [metric-engine] [           main] o.s.b.c.l.s.TaskExecutorJobLauncher      : Job: [SimpleJob: [name=importSalesJob]] launched with the following parameters: [{}]
2026-07-15T15:08:37.019+05:30  INFO 21320 --- [metric-engine] [           main] o.s.batch.core.step.AbstractStep         : Executing step: [importSalesStep]
2026-07-15T15:08:37.113+05:30  INFO 21320 --- [metric-engine] [           main] o.s.batch.core.step.AbstractStep         : Step: [importSalesStep] executed in 94ms
2026-07-15T15:08:37.116+05:30  INFO 21320 --- [metric-engine] [           main] o.s.b.c.l.s.TaskExecutorJobLauncher      : Job: [SimpleJob: [name=importSalesJob]] completed with the following parameters: [{}] and the following status: [COMPLETED] in 97ms
Business metrics calculated successfully.
]]></system-out>
    <system-err><![CDATA[Corrupted row skipped: RawSalesRecord(orderId=ORD013, orderDate=, customerId=C013, customerName=Invalid Date User, category=Grocery, productName=Wheat, quantity=2, unitPrice=500, discount=50, paymentMethod=CASH, region=South) | Error: Missing order date
Corrupted row skipped: RawSalesRecord(orderId=ORD015, orderDate=2026-05-07, customerId=C015, customerName=Bad Price, category=Fashion, productName=Jacket, quantity=1, unitPrice=abc, discount=200, paymentMethod=CARD, region=East) | Error: Character a is neither a decimal digit number, decimal point, nor "e" notation exponential mark.
Mockito is currently self-attaching to enable the inline-mock-maker. This will no longer work in future releases of the JDK. Please add Mockito as an agent to your build as described in Mockito's documentation: https://javadoc.io/doc/org.mockito/mockito-core/latest/org.mockito/org/mockito/Mockito.html#0.3
WARNING: A Java agent has been loaded dynamically (C:\Users\yashs\.m2\repository\net\bytebuddy\byte-buddy-agent\1.17.8\byte-buddy-agent-1.17.8.jar)
WARNING: If a serviceability tool is in use, please run with -XX:+EnableDynamicAgentLoading to hide this warning
WARNING: If a serviceability tool is not in use, please run with -Djdk.instrument.traceUsage for more information
WARNING: Dynamic loading of agents will be disallowed by default in a future release
]]></system-err>
  </testcase>
</testsuite>